0 info it worked if it ends with ok
1 verbose cli [ 'node', '/usr/local/bin/npm', 'install', 'bower' ]
2 info using npm@2.1.3
3 info using node@v0.10.32
4 verbose node symlink /usr/local/bin/node
5 silly cache add args [ 'bower', null ]
6 verbose cache add spec bower
7 silly cache add parsed spec { raw: 'bower',
7 silly cache add   scope: null,
7 silly cache add   name: 'bower',
7 silly cache add   rawSpec: '',
7 silly cache add   spec: '*',
7 silly cache add   type: 'range' }
8 verbose addNamed bower@*
9 verbose addNamed bower@* not in flight; adding
10 silly addNamed semver.valid null
11 silly addNamed semver.validRange *
12 silly addNameRange { name: 'bower', range: '*', hasData: false }
13 verbose mapToRegistry name bower
14 verbose mapToRegistry uri https://registry.npmjs.org/bower
15 verbose request on initialization, where is /bower
16 verbose request after pass 1, where is /bower
17 verbose request url raw /bower
18 verbose request resolving registry [ 'https://registry.npmjs.org/', './bower' ]
19 verbose request after pass 2, where is https://registry.npmjs.org/bower
20 verbose request no auth needed
21 info attempt registry request try #1 at 17:41:47
22 verbose request id 139c3ff2300e8afe
23 verbose etag "CEMR1HQYCLE8N4O2HHP7EN0EZ"
24 http request GET https://registry.npmjs.org/bower
25 http 200 https://registry.npmjs.org/bower
26 silly registry.get cb [ 200,
26 silly registry.get   { date: 'Tue, 25 Nov 2014 01:41:48 GMT',
26 silly registry.get     server: 'CouchDB/1.5.0 (Erlang OTP/R16B03)',
26 silly registry.get     etag: '"2A874AUSW90GEUIKVSPSW4ZNM"',
26 silly registry.get     'content-type': 'application/json',
26 silly registry.get     'cache-control': 'max-age=60',
26 silly registry.get     'content-length': '105486',
26 silly registry.get     'accept-ranges': 'bytes',
26 silly registry.get     via: '1.1 varnish',
26 silly registry.get     age: '24',
26 silly registry.get     'x-served-by': 'cache-lax1425-LAX',
26 silly registry.get     'x-cache': 'HIT',
26 silly registry.get     'x-cache-hits': '1',
26 silly registry.get     'x-timer': 'S1416879708.051077,VS0,VE0',
26 silly registry.get     vary: 'Accept',
26 silly registry.get     'keep-alive': 'timeout=10, max=50',
26 silly registry.get     connection: 'Keep-Alive' } ]
27 silly addNameRange number 2 { name: 'bower', range: '*', hasData: true }
28 silly addNameRange versions [ 'bower',
28 silly addNameRange   [ '0.1.0',
28 silly addNameRange     '0.1.2',
28 silly addNameRange     '0.1.3',
28 silly addNameRange     '0.2.0',
28 silly addNameRange     '0.3.0',
28 silly addNameRange     '0.3.1',
28 silly addNameRange     '0.3.2',
28 silly addNameRange     '0.4.0',
28 silly addNameRange     '0.5.0',
28 silly addNameRange     '0.5.1',
28 silly addNameRange     '0.6.0',
28 silly addNameRange     '0.6.1',
28 silly addNameRange     '0.6.2',
28 silly addNameRange     '0.6.3',
28 silly addNameRange     '0.6.4',
28 silly addNameRange     '0.6.5',
28 silly addNameRange     '0.6.6',
28 silly addNameRange     '0.6.7',
28 silly addNameRange     '0.6.8',
28 silly addNameRange     '0.7.0',
28 silly addNameRange     '0.7.1',
28 silly addNameRange     '0.8.0',
28 silly addNameRange     '0.8.1',
28 silly addNameRange     '0.8.2',
28 silly addNameRange     '0.8.3',
28 silly addNameRange     '0.8.4',
28 silly addNameRange     '0.8.5',
28 silly addNameRange     '0.8.6',
28 silly addNameRange     '0.9.0',
28 silly addNameRange     '0.9.1',
28 silly addNameRange     '0.9.2',
28 silly addNameRange     '0.10.0',
28 silly addNameRange     '1.0.0',
28 silly addNameRange     '1.0.1',
28 silly addNameRange     '1.0.2',
28 silly addNameRange     '1.0.3',
28 silly addNameRange     '1.1.0',
28 silly addNameRange     '1.1.1',
28 silly addNameRange     '1.1.2',
28 silly addNameRange     '1.2.0',
28 silly addNameRange     '1.2.1',
28 silly addNameRange     '1.2.2',
28 silly addNameRange     '1.2.3',
28 silly addNameRange     '1.2.4',
28 silly addNameRange     '1.2.5',
28 silly addNameRange     '1.2.6',
28 silly addNameRange     '1.2.7',
28 silly addNameRange     '1.2.8',
28 silly addNameRange     '1.3.0',
28 silly addNameRange     '1.3.1',
28 silly addNameRange     '1.3.2',
28 silly addNameRange     '1.3.3',
28 silly addNameRange     '1.3.4',
28 silly addNameRange     '1.3.5',
28 silly addNameRange     '1.3.6',
28 silly addNameRange     '1.3.7',
28 silly addNameRange     '1.3.8',
28 silly addNameRange     '1.3.9',
28 silly addNameRange     '1.3.10',
28 silly addNameRange     '1.3.11',
28 silly addNameRange     '1.3.12' ] ]
29 verbose addNamed bower@1.3.12
30 verbose addNamed bower@1.3.12 not in flight; adding
31 silly addNamed semver.valid 1.3.12
32 silly addNamed semver.validRange 1.3.12
33 verbose afterAdd /Users/Mike/.npm/bower/1.3.12/package/package.json not in flight; writing
34 silly install resolved [ { name: 'bower',
34 silly install resolved     version: '1.3.12',
34 silly install resolved     description: 'The browser package manager',
34 silly install resolved     author: { name: 'Twitter' },
34 silly install resolved     licenses: [ [Object] ],
34 silly install resolved     repository: { type: 'git', url: 'https://github.com/bower/bower' },
34 silly install resolved     main: 'lib',
34 silly install resolved     homepage: 'http://bower.io',
34 silly install resolved     engines: { node: '>=0.10.0' },
34 silly install resolved     dependencies:
34 silly install resolved      { abbrev: '~1.0.4',
34 silly install resolved        archy: '0.0.2',
34 silly install resolved        'bower-config': '~0.5.2',
34 silly install resolved        'bower-endpoint-parser': '~0.2.2',
34 silly install resolved        'bower-json': '~0.4.0',
34 silly install resolved        'bower-logger': '~0.2.2',
34 silly install resolved        'bower-registry-client': '~0.2.0',
34 silly install resolved        cardinal: '0.4.0',
34 silly install resolved        chalk: '0.5.0',
34 silly install resolved        chmodr: '0.1.0',
34 silly install resolved        'decompress-zip': '0.0.8',
34 silly install resolved        fstream: '~1.0.2',
34 silly install resolved        'fstream-ignore': '~1.0.1',
34 silly install resolved        glob: '~4.0.2',
34 silly install resolved        'graceful-fs': '~3.0.1',
34 silly install resolved        handlebars: '~2.0.0',
34 silly install resolved        inquirer: '0.7.1',
34 silly install resolved        insight: '0.4.3',
34 silly install resolved        'is-root': '~1.0.0',
34 silly install resolved        junk: '~1.0.0',
34 silly install resolved        lockfile: '~1.0.0',
34 silly install resolved        'lru-cache': '~2.5.0',
34 silly install resolved        mkdirp: '0.5.0',
34 silly install resolved        mout: '~0.9.0',
34 silly install resolved        nopt: '~3.0.0',
34 silly install resolved        opn: '~1.0.0',
34 silly install resolved        osenv: '0.1.0',
34 silly install resolved        'p-throttler': '0.1.0',
34 silly install resolved        promptly: '0.2.0',
34 silly install resolved        q: '~1.0.1',
34 silly install resolved        request: '~2.42.0',
34 silly install resolved        'request-progress': '0.3.0',
34 silly install resolved        retry: '0.6.0',
34 silly install resolved        rimraf: '~2.2.0',
34 silly install resolved        semver: '~2.3.0',
34 silly install resolved        'shell-quote': '~1.4.1',
34 silly install resolved        'stringify-object': '~1.0.0',
34 silly install resolved        'tar-fs': '0.5.2',
34 silly install resolved        tmp: '0.0.23',
34 silly install resolved        'update-notifier': '0.2.0',
34 silly install resolved        which: '~1.0.5' },
34 silly install resolved     devDependencies:
34 silly install resolved      { coveralls: '~2.11.0',
34 silly install resolved        'expect.js': '~0.3.1',
34 silly install resolved        grunt: '~0.4.4',
34 silly install resolved        'grunt-cli': '^0.1.13',
34 silly install resolved        'grunt-contrib-jshint': '~0.10.0',
34 silly install resolved        'grunt-contrib-watch': '~0.6.1',
34 silly install resolved        'grunt-exec': '~0.4.2',
34 silly install resolved        'grunt-simple-mocha': '~0.4.0',
34 silly install resolved        istanbul: '~0.3.2',
34 silly install resolved        'load-grunt-tasks': '~0.6.0',
34 silly install resolved        mocha: '~1.21.4',
34 silly install resolved        nock: '~0.46.0',
34 silly install resolved        'node-uuid': '~1.4.1',
34 silly install resolved        proxyquire: '~1.0.1' },
34 silly install resolved     scripts: { test: 'grunt test' },
34 silly install resolved     bin: { bower: 'bin/bower' },
34 silly install resolved     preferGlobal: true,
34 silly install resolved     gitHead: 'b26c072f0db054a1902ec4d2e3726dbf8a1c799a',
34 silly install resolved     bugs: { url: 'https://github.com/bower/bower/issues' },
34 silly install resolved     _id: 'bower@1.3.12',
34 silly install resolved     _shasum: '37de0edb3904baf90aee13384a1a379a05ee214c',
34 silly install resolved     _from: 'bower@*',
34 silly install resolved     _npmVersion: '2.0.0',
34 silly install resolved     _npmUser: { name: 'sheerun', email: 'sheerun@sher.pl' },
34 silly install resolved     maintainers: [ [Object], [Object], [Object], [Object], [Object], [Object] ],
34 silly install resolved     dist:
34 silly install resolved      { shasum: '37de0edb3904baf90aee13384a1a379a05ee214c',
34 silly install resolved        tarball: 'http://registry.npmjs.org/bower/-/bower-1.3.12.tgz' },
34 silly install resolved     directories: {},
34 silly install resolved     _resolved: 'https://registry.npmjs.org/bower/-/bower-1.3.12.tgz',
34 silly install resolved     readme: 'ERROR: No README data found!' } ]
35 info install bower@1.3.12 into /Users/Mike/Desktop/receta
36 info installOne bower@1.3.12
37 verbose lock using /Users/Mike/.npm/_locks/bower-87bd40db0b7c5aff.lock for /Users/Mike/Desktop/receta/node_modules/bower
38 warn locking Error: EACCES, open '/Users/Mike/.npm/_locks/bower-87bd40db0b7c5aff.lock'
38 warn locking  failed { [Error: EACCES, open '/Users/Mike/.npm/_locks/bower-87bd40db0b7c5aff.lock']
38 warn locking   errno: 3,
38 warn locking   code: 'EACCES',
38 warn locking   path: '/Users/Mike/.npm/_locks/bower-87bd40db0b7c5aff.lock' }
39 verbose stack Error: Attempt to unlock /Users/Mike/Desktop/receta/node_modules/bower, which hasn't been locked
39 verbose stack     at unlock (/usr/local/lib/node_modules/npm/lib/utils/locker.js:54:11)
39 verbose stack     at cb (/usr/local/lib/node_modules/npm/lib/install.js:909:5)
39 verbose stack     at /usr/local/lib/node_modules/npm/lib/install.js:913:20
39 verbose stack     at /usr/local/lib/node_modules/npm/lib/utils/locker.js:36:9
39 verbose stack     at cb (/usr/local/lib/node_modules/npm/node_modules/lockfile/lockfile.js:149:38)
39 verbose stack     at /usr/local/lib/node_modules/npm/node_modules/lockfile/lockfile.js:177:38
39 verbose stack     at Object.oncomplete (fs.js:107:15)
40 verbose cwd /Users/Mike/Desktop/receta
41 error Darwin 13.4.0
42 error argv "node" "/usr/local/bin/npm" "install" "bower"
43 error node v0.10.32
44 error npm  v2.1.3
45 error Attempt to unlock /Users/Mike/Desktop/receta/node_modules/bower, which hasn't been locked
46 error If you need help, you may report this error at:
46 error     <http://github.com/npm/npm/issues>
47 verbose exit [ 1, true ]
